<?xml version="1.0" encoding="UTF-8"?>
<!-- Generated by org.testng.reporters.JUnitReportReporter -->
<testsuite hostname="Spark-PC" failures="0" tests="1" name="TestNGAutomation.ForgetPasswordFunctionality" time="3.069" errors="0" timestamp="2022-01-07T21:31:37 IST" skipped="0">
  <testcase classname="TestNGAutomation.ForgetPasswordFunctionality" name="forgetPassword" time="3.069"/>
  <system-out/>
</testsuite> <!-- TestNGAutomation.ForgetPasswordFunctionality -->
