<?xml version="1.0" encoding="UTF-8"?>
<!-- Generated by org.testng.reporters.JUnitReportReporter -->
<testsuite hostname="Spark-PC" failures="0" tests="2" name="TestNGAutomation.LoginPageHomePageVerification" time="11.039" errors="0" timestamp="2022-01-07T21:31:37 IST" skipped="0">
  <testcase classname="TestNGAutomation.LoginPageHomePageVerification" name="homePageVerification" time="0.024"/>
  <system-out/>
  <testcase classname="TestNGAutomation.LoginPageHomePageVerification" name="loginPage" time="11.015"/>
  <system-out/>
</testsuite> <!-- TestNGAutomation.LoginPageHomePageVerification -->
